2023-08-06 01:09:58.918713 - Initialized conversion of CBT112
2023-08-06 01:09:59.696515 - Received CBT.V505.FILE112.PDS from FILE112.XMI 
2023-08-06 01:09:59.698980 - Found $$$#DATE.txt (text/plain) in CBT.V505.FILE112.PDS, moved to PDS/$$$#DATE
2023-08-06 01:09:59.699953 - Found $$NOTE1.txt (text/plain) in CBT.V505.FILE112.PDS, moved to PDS/$$NOTE1
2023-08-06 01:09:59.700981 - Found $$NOTE2.txt (text/plain) in CBT.V505.FILE112.PDS, moved to PDS/$$NOTE2
2023-08-06 01:09:59.701874 - Found $$NOTE3.txt (text/plain) in CBT.V505.FILE112.PDS, moved to PDS/$$NOTE3
2023-08-06 01:09:59.702699 - Found $$UNDOC.txt (text/plain) in CBT.V505.FILE112.PDS, moved to PDS/$$UNDOC
2023-08-06 01:09:59.703514 - Found $CUSTOM.txt (text/plain) in CBT.V505.FILE112.PDS, moved to PDS/$CUSTOM
2023-08-06 01:09:59.704309 - Found $DHC.txt (text/plain) in CBT.V505.FILE112.PDS, moved to PDS/$DHC
2023-08-06 01:09:59.705177 - Found $HELP.txt (text/plain) in CBT.V505.FILE112.PDS, moved to PDS/$HELP
2023-08-06 01:09:59.706026 - Found $INST.txt (text/plain) in CBT.V505.FILE112.PDS, moved to PDS/$INST
2023-08-06 01:09:59.706835 - Found $JOB.jcl (text/plain) in CBT.V505.FILE112.PDS, moved to PDS/$JOB
2023-08-06 01:09:59.707699 - Found $MODS.txt (text/plain) in CBT.V505.FILE112.PDS, moved to PDS/$MODS
2023-08-06 01:09:59.708510 - Found $SGASMLK.jcl (text/plain) in CBT.V505.FILE112.PDS, moved to PDS/$SGASMLK
2023-08-06 01:09:59.709363 - Found @AGCOJ1.jcl (text/plain) in CBT.V505.FILE112.PDS, moved to PDS/@AGCOJ1
2023-08-06 01:09:59.710238 - Found @AGCOJ2.txt (text/plain) in CBT.V505.FILE112.PDS, moved to PDS/@AGCOJ2
2023-08-06 01:09:59.711068 - Found @AGCOJ3.txt (text/plain) in CBT.V505.FILE112.PDS, moved to PDS/@AGCOJ3
2023-08-06 01:09:59.711889 - Found @FILE112.txt (text/plain) in CBT.V505.FILE112.PDS, moved to PDS/@FILE112
2023-08-06 01:09:59.712689 - Found ALLOC.txt (text/plain) in CBT.V505.FILE112.PDS, moved to PDS/ALLOC
2023-08-06 01:09:59.713794 - Found CLEAR.txt (text/plain) in CBT.V505.FILE112.PDS, moved to PDS/CLEAR
2023-08-06 01:09:59.714845 - Found CONV.txt (text/plain) in CBT.V505.FILE112.PDS, moved to PDS/CONV
2023-08-06 01:09:59.715780 - Found CONVY2K.txt (text/plain) in CBT.V505.FILE112.PDS, moved to PDS/CONVY2K
2023-08-06 01:09:59.716613 - Found DELVTOCS.rexx (text/plain) in CBT.V505.FILE112.PDS, moved to PDS/DELVTOCS
2023-08-06 01:09:59.717476 - Found DYNSPACE.txt (text/plain) in CBT.V505.FILE112.PDS, moved to PDS/DYNSPACE
2023-08-06 01:09:59.718373 - Found ENTER.txt (text/plain) in CBT.V505.FILE112.PDS, moved to PDS/ENTER
2023-08-06 01:09:59.719238 - Found ENTERX.txt (text/plain) in CBT.V505.FILE112.PDS, moved to PDS/ENTERX
2023-08-06 01:09:59.720060 - Found FREE.txt (text/plain) in CBT.V505.FILE112.PDS, moved to PDS/FREE
2023-08-06 01:09:59.720845 - Found LEAVE.txt (text/plain) in CBT.V505.FILE112.PDS, moved to PDS/LEAVE
2023-08-06 01:09:59.721806 - Found MSGZ.txt (text/plain) in CBT.V505.FILE112.PDS, moved to PDS/MSGZ
2023-08-06 01:09:59.722689 - Found PDEDSNAM.txt (text/plain) in CBT.V505.FILE112.PDS, moved to PDS/PDEDSNAM
2023-08-06 01:09:59.723522 - Found RCPBFRGS.txt (text/plain) in CBT.V505.FILE112.PDS, moved to PDS/RCPBFRGS
2023-08-06 01:09:59.724333 - Found RCPBTU.txt (text/plain) in CBT.V505.FILE112.PDS, moved to PDS/RCPBTU
2023-08-06 01:09:59.725193 - Found RCPBTU2.txt (text/plain) in CBT.V505.FILE112.PDS, moved to PDS/RCPBTU2
2023-08-06 01:09:59.726186 - Found RCPCKID.txt (text/plain) in CBT.V505.FILE112.PDS, moved to PDS/RCPCKID
2023-08-06 01:09:59.727026 - Found RCPDDN.txt (text/plain) in CBT.V505.FILE112.PDS, moved to PDS/RCPDDN
2023-08-06 01:09:59.727867 - Found RCPDDNRT.txt (text/plain) in CBT.V505.FILE112.PDS, moved to PDS/RCPDDNRT
2023-08-06 01:09:59.728685 - Found RCPDEBUG.txt (text/plain) in CBT.V505.FILE112.PDS, moved to PDS/RCPDEBUG
2023-08-06 01:09:59.729574 - Found RCPDFPL.txt (text/plain) in CBT.V505.FILE112.PDS, moved to PDS/RCPDFPL
2023-08-06 01:09:59.730501 - Found RCPDINC.txt (text/plain) in CBT.V505.FILE112.PDS, moved to PDS/RCPDINC
2023-08-06 01:09:59.731367 - Found RCPDISP.txt (text/plain) in CBT.V505.FILE112.PDS, moved to PDS/RCPDISP
2023-08-06 01:09:59.732170 - Found RCPDS.txt (text/plain) in CBT.V505.FILE112.PDS, moved to PDS/RCPDS
2023-08-06 01:09:59.732989 - Found RCPDSECT.txt (text/plain) in CBT.V505.FILE112.PDS, moved to PDS/RCPDSECT
2023-08-06 01:09:59.733833 - Found RCPDSN.txt (text/plain) in CBT.V505.FILE112.PDS, moved to PDS/RCPDSN
2023-08-06 01:09:59.734806 - Found RCPDSNPD.txt (text/plain) in CBT.V505.FILE112.PDS, moved to PDS/RCPDSNPD
2023-08-06 01:09:59.735657 - Found RCPDSNRT.txt (text/plain) in CBT.V505.FILE112.PDS, moved to PDS/RCPDSNRT
2023-08-06 01:09:59.736449 - Found RCPDSRGR.txt (text/plain) in CBT.V505.FILE112.PDS, moved to PDS/RCPDSRGR
2023-08-06 01:09:59.737294 - Found RCPDUMMY.txt (text/plain) in CBT.V505.FILE112.PDS, moved to PDS/RCPDUMMY
2023-08-06 01:09:59.738155 - Found RCPENDD.txt (text/plain) in CBT.V505.FILE112.PDS, moved to PDS/RCPENDD
2023-08-06 01:09:59.738985 - Found RCPFDDN.txt (text/plain) in CBT.V505.FILE112.PDS, moved to PDS/RCPFDDN
2023-08-06 01:09:59.739784 - Found RCPFDISP.txt (text/plain) in CBT.V505.FILE112.PDS, moved to PDS/RCPFDISP
2023-08-06 01:09:59.740801 - Found RCPFDSN.txt (text/plain) in CBT.V505.FILE112.PDS, moved to PDS/RCPFDSN
2023-08-06 01:09:59.741713 - Found RCPFHOLD.txt (text/plain) in CBT.V505.FILE112.PDS, moved to PDS/RCPFHOLD
2023-08-06 01:09:59.742522 - Found RCPFORUS.txt (text/plain) in CBT.V505.FILE112.PDS, moved to PDS/RCPFORUS
2023-08-06 01:09:59.743317 - Found RCPFREE.txt (text/plain) in CBT.V505.FILE112.PDS, moved to PDS/RCPFREE
2023-08-06 01:09:59.744162 - Found RCPIOPL.txt (text/plain) in CBT.V505.FILE112.PDS, moved to PDS/RCPIOPL
2023-08-06 01:09:59.745009 - Found RCPLINK.txt (text/plain) in CBT.V505.FILE112.PDS, moved to PDS/RCPLINK
2023-08-06 01:09:59.745948 - Found RCPLOAD.txt (text/plain) in CBT.V505.FILE112.PDS, moved to PDS/RCPLOAD
2023-08-06 01:09:59.746912 - Found RCPLOCSW.txt (text/plain) in CBT.V505.FILE112.PDS, moved to PDS/RCPLOCSW
2023-08-06 01:09:59.747776 - Found RCPLOCS1.txt (text/plain) in CBT.V505.FILE112.PDS, moved to PDS/RCPLOCS1
2023-08-06 01:09:59.748612 - Found RCPLOCS2.txt (text/plain) in CBT.V505.FILE112.PDS, moved to PDS/RCPLOCS2
2023-08-06 01:09:59.749435 - Found RCPMCA.txt (text/plain) in CBT.V505.FILE112.PDS, moved to PDS/RCPMCA
2023-08-06 01:09:59.750561 - Found RCPNTU.txt (text/plain) in CBT.V505.FILE112.PDS, moved to PDS/RCPNTU
2023-08-06 01:09:59.751412 - Found RCPPERM.txt (text/plain) in CBT.V505.FILE112.PDS, moved to PDS/RCPPERM
2023-08-06 01:09:59.752211 - Found RCPPPL.txt (text/plain) in CBT.V505.FILE112.PDS, moved to PDS/RCPPPL
2023-08-06 01:09:59.753034 - Found RCPPROC.txt (text/plain) in CBT.V505.FILE112.PDS, moved to PDS/RCPPROC
2023-08-06 01:09:59.753995 - Found RCPPSWD.txt (text/plain) in CBT.V505.FILE112.PDS, moved to PDS/RCPPSWD
2023-08-06 01:09:59.754931 - Found RCPQNAME.txt (text/plain) in CBT.V505.FILE112.PDS, moved to PDS/RCPQNAME
2023-08-06 01:09:59.755732 - Found RCPRNGE.txt (text/plain) in CBT.V505.FILE112.PDS, moved to PDS/RCPRNGE
2023-08-06 01:09:59.756542 - Found RCPSPACE.txt (text/plain) in CBT.V505.FILE112.PDS, moved to PDS/RCPSPACE
2023-08-06 01:09:59.757360 - Found RCPSPEC.txt (text/plain) in CBT.V505.FILE112.PDS, moved to PDS/RCPSPEC
2023-08-06 01:09:59.758204 - Found RCPSR2.txt (text/plain) in CBT.V505.FILE112.PDS, moved to PDS/RCPSR2
2023-08-06 01:09:59.759131 - Found RCPSSREQ.txt (text/plain) in CBT.V505.FILE112.PDS, moved to PDS/RCPSSREQ
2023-08-06 01:09:59.760104 - Found RCPSUBL.txt (text/plain) in CBT.V505.FILE112.PDS, moved to PDS/RCPSUBL
2023-08-06 01:09:59.761059 - Found RCPSYSOU.txt (text/plain) in CBT.V505.FILE112.PDS, moved to PDS/RCPSYSOU
2023-08-06 01:09:59.761964 - Found RCPTU.txt (text/plain) in CBT.V505.FILE112.PDS, moved to PDS/RCPTU
2023-08-06 01:09:59.762876 - Found RCPTUBFR.txt (text/plain) in CBT.V505.FILE112.PDS, moved to PDS/RCPTUBFR
2023-08-06 01:09:59.763854 - Found RCPTXTL.txt (text/plain) in CBT.V505.FILE112.PDS, moved to PDS/RCPTXTL
2023-08-06 01:09:59.764753 - Found RCPTYPE.txt (text/plain) in CBT.V505.FILE112.PDS, moved to PDS/RCPTYPE
2023-08-06 01:09:59.765736 - Found RCPUNALC.txt (text/plain) in CBT.V505.FILE112.PDS, moved to PDS/RCPUNALC
2023-08-06 01:09:59.766693 - Found RCPUNIT.txt (text/plain) in CBT.V505.FILE112.PDS, moved to PDS/RCPUNIT
2023-08-06 01:09:59.767549 - Found RCPVCHAR.txt (text/plain) in CBT.V505.FILE112.PDS, moved to PDS/RCPVCHAR
2023-08-06 01:09:59.768359 - Found RCPVOLRT.txt (text/plain) in CBT.V505.FILE112.PDS, moved to PDS/RCPVOLRT
2023-08-06 01:09:59.769188 - Found REGS.txt (text/plain) in CBT.V505.FILE112.PDS, moved to PDS/REGS
2023-08-06 01:09:59.770126 - Found S99FAIL.txt (text/plain) in CBT.V505.FILE112.PDS, moved to PDS/S99FAIL
2023-08-06 01:09:59.770949 - Found VTCALL.txt (text/plain) in CBT.V505.FILE112.PDS, moved to PDS/VTCALL
2023-08-06 01:09:59.771741 - Found VTFMT.txt (text/plain) in CBT.V505.FILE112.PDS, moved to PDS/VTFMT
2023-08-06 01:09:59.772566 - Found VTOC.txt (text/plain) in CBT.V505.FILE112.PDS, moved to PDS/VTOC
2023-08-06 01:09:59.773452 - Found VTOC$.txt (text/plain) in CBT.V505.FILE112.PDS, moved to PDS/VTOC$
2023-08-06 01:09:59.774303 - Found VTOC#C.txt (text/plain) in CBT.V505.FILE112.PDS, moved to PDS/VTOC#C
2023-08-06 01:09:59.775145 - Found VTOC#OLD.txt (text/plain) in CBT.V505.FILE112.PDS, moved to PDS/VTOC#OLD
2023-08-06 01:09:59.775924 - Found VTOC#P.txt (text/plain) in CBT.V505.FILE112.PDS, moved to PDS/VTOC#P
2023-08-06 01:09:59.776697 - Found VTOC#P1.txt (text/plain) in CBT.V505.FILE112.PDS, moved to PDS/VTOC#P1
2023-08-06 01:09:59.777536 - Found VTOC#P2.txt (text/plain) in CBT.V505.FILE112.PDS, moved to PDS/VTOC#P2
2023-08-06 01:09:59.778448 - Found VTOC#P3.txt (text/plain) in CBT.V505.FILE112.PDS, moved to PDS/VTOC#P3
2023-08-06 01:09:59.779266 - Found VTOC#P4.txt (text/plain) in CBT.V505.FILE112.PDS, moved to PDS/VTOC#P4
2023-08-06 01:09:59.780051 - Found VTOC#P5.txt (text/plain) in CBT.V505.FILE112.PDS, moved to PDS/VTOC#P5
2023-08-06 01:09:59.780836 - Found VTOC#P6.txt (text/plain) in CBT.V505.FILE112.PDS, moved to PDS/VTOC#P6
2023-08-06 01:09:59.781709 - Found VTOC#P7.txt (text/plain) in CBT.V505.FILE112.PDS, moved to PDS/VTOC#P7
2023-08-06 01:09:59.782644 - Found VTOC#P8.txt (text/plain) in CBT.V505.FILE112.PDS, moved to PDS/VTOC#P8
2023-08-06 01:09:59.783627 - Found VTOC#410.txt (text/plain) in CBT.V505.FILE112.PDS, moved to PDS/VTOC#410
2023-08-06 01:09:59.784572 - Found VTOCCHEK.txt (text/plain) in CBT.V505.FILE112.PDS, moved to PDS/VTOCCHEK
2023-08-06 01:09:59.785567 - Found VTOCCHEO.txt (text/plain) in CBT.V505.FILE112.PDS, moved to PDS/VTOCCHEO
2023-08-06 01:09:59.786457 - Found VTOCCHE1.txt (text/plain) in CBT.V505.FILE112.PDS, moved to PDS/VTOCCHE1
2023-08-06 01:09:59.787285 - Found VTOCCMD2.txt (text/plain) in CBT.V505.FILE112.PDS, moved to PDS/VTOCCMD2
2023-08-06 01:09:59.788227 - Found VTOCENQ.txt (text/plain) in CBT.V505.FILE112.PDS, moved to PDS/VTOCENQ
2023-08-06 01:09:59.789214 - Found VTOCEXCO.txt (text/plain) in CBT.V505.FILE112.PDS, moved to PDS/VTOCEXCO
2023-08-06 01:09:59.790169 - Found VTOCEXCP.txt (text/plain) in CBT.V505.FILE112.PDS, moved to PDS/VTOCEXCP
2023-08-06 01:09:59.791068 - Found VTOCFORM.txt (text/plain) in CBT.V505.FILE112.PDS, moved to PDS/VTOCFORM
2023-08-06 01:09:59.791911 - Found VTOCFOR1.txt (text/plain) in CBT.V505.FILE112.PDS, moved to PDS/VTOCFOR1
2023-08-06 01:09:59.792710 - Found VTOCMSG.txt (text/plain) in CBT.V505.FILE112.PDS, moved to PDS/VTOCMSG
2023-08-06 01:09:59.793545 - Found VTOCMSGX.txt (text/plain) in CBT.V505.FILE112.PDS, moved to PDS/VTOCMSGX
2023-08-06 01:09:59.794521 - Found VTOCMSZ.txt (text/plain) in CBT.V505.FILE112.PDS, moved to PDS/VTOCMSZ
2023-08-06 01:09:59.795434 - Found VTOCOM.txt (text/plain) in CBT.V505.FILE112.PDS, moved to PDS/VTOCOM
2023-08-06 01:09:59.796383 - Found VTOCPARS.txt (text/plain) in CBT.V505.FILE112.PDS, moved to PDS/VTOCPARS
2023-08-06 01:09:59.797380 - Found VTOCPARX.txt (text/plain) in CBT.V505.FILE112.PDS, moved to PDS/VTOCPARX
2023-08-06 01:09:59.798286 - Found VTOCPRNT.txt (text/plain) in CBT.V505.FILE112.PDS, moved to PDS/VTOCPRNT
2023-08-06 01:09:59.799226 - Found VTOCSORT.txt (text/plain) in CBT.V505.FILE112.PDS, moved to PDS/VTOCSORT
2023-08-06 01:09:59.800143 - Found VTOC00.txt (text/plain) in CBT.V505.FILE112.PDS, moved to PDS/VTOC00
2023-08-06 01:09:59.801158 - Found VTOC02.txt (text/plain) in CBT.V505.FILE112.PDS, moved to PDS/VTOC02
2023-08-06 01:09:59.802029 - Found VTOC112.txt (text/plain) in CBT.V505.FILE112.PDS, moved to PDS/VTOC112
2023-08-06 01:09:59.802927 - Found VTXCPRNT.txt (text/plain) in CBT.V505.FILE112.PDS, moved to PDS/VTXCPRNT
2023-08-06 01:09:59.803932 - Found VT0CPRNT.txt (text/plain) in CBT.V505.FILE112.PDS, moved to PDS/VT0CPRNT
2023-08-06 01:09:59.804890 - Found XXXX0001.txt (text/plain) in CBT.V505.FILE112.PDS, moved to PDS/XXXX0001
2023-08-06 01:09:59.805868 - Found XXXX0002.txt (text/plain) in CBT.V505.FILE112.PDS, moved to PDS/XXXX0002
